running egg_info
creating ../../build/cam_hardware/cam_hardware.egg-info
writing ../../build/cam_hardware/cam_hardware.egg-info/PKG-INFO
writing dependency_links to ../../build/cam_hardware/cam_hardware.egg-info/dependency_links.txt
writing entry points to ../../build/cam_hardware/cam_hardware.egg-info/entry_points.txt
writing requirements to ../../build/cam_hardware/cam_hardware.egg-info/requires.txt
writing top-level names to ../../build/cam_hardware/cam_hardware.egg-info/top_level.txt
writing manifest file '../../build/cam_hardware/cam_hardware.egg-info/SOURCES.txt'
reading manifest file '../../build/cam_hardware/cam_hardware.egg-info/SOURCES.txt'
writing manifest file '../../build/cam_hardware/cam_hardware.egg-info/SOURCES.txt'
running build
running build_py
creating /home/chinedu/dog_watcher/build/cam_hardware/build
creating /home/chinedu/dog_watcher/build/cam_hardware/build/lib
creating /home/chinedu/dog_watcher/build/cam_hardware/build/lib/cam_hardware
copying cam_hardware/image_pub.py -> /home/chinedu/dog_watcher/build/cam_hardware/build/lib/cam_hardware
copying cam_hardware/__init__.py -> /home/chinedu/dog_watcher/build/cam_hardware/build/lib/cam_hardware
running install
running install_lib
creating /home/chinedu/dog_watcher/install/cam_hardware/lib/python3.10/site-packages/cam_hardware
copying /home/chinedu/dog_watcher/build/cam_hardware/build/lib/cam_hardware/image_pub.py -> /home/chinedu/dog_watcher/install/cam_hardware/lib/python3.10/site-packages/cam_hardware
copying /home/chinedu/dog_watcher/build/cam_hardware/build/lib/cam_hardware/__init__.py -> /home/chinedu/dog_watcher/install/cam_hardware/lib/python3.10/site-packages/cam_hardware
byte-compiling /home/chinedu/dog_watcher/install/cam_hardware/lib/python3.10/site-packages/cam_hardware/image_pub.py to image_pub.cpython-310.pyc
byte-compiling /home/chinedu/dog_watcher/install/cam_hardware/lib/python3.10/site-packages/cam_hardware/__init__.py to __init__.cpython-310.pyc
running install_data
creating /home/chinedu/dog_watcher/install/cam_hardware/share/ament_index
creating /home/chinedu/dog_watcher/install/cam_hardware/share/ament_index/resource_index
creating /home/chinedu/dog_watcher/install/cam_hardware/share/ament_index/resource_index/packages
copying resource/cam_hardware -> /home/chinedu/dog_watcher/install/cam_hardware/share/ament_index/resource_index/packages
copying package.xml -> /home/chinedu/dog_watcher/install/cam_hardware/share/cam_hardware
running install_egg_info
Copying ../../build/cam_hardware/cam_hardware.egg-info to /home/chinedu/dog_watcher/install/cam_hardware/lib/python3.10/site-packages/cam_hardware-0.0.0-py3.10.egg-info
running install_scripts
writing list of installed files to '/home/chinedu/dog_watcher/build/cam_hardware/install.log'
