[0.692s] Invoking command in '/home/chinedu/dog_watcher/src/cam_hardware': PYTHONPATH=/home/chinedu/dog_watcher/build/cam_hardware/prefix_override:/home/chinedu/dog_watcher/install/cam_hardware/lib/python3.10/site-packages:${PYTHONPATH} /usr/bin/python3 setup.py egg_info --egg-base ../../build/cam_hardware build --build-base /home/chinedu/dog_watcher/build/cam_hardware/build install --record /home/chinedu/dog_watcher/build/cam_hardware/install.log --single-version-externally-managed
[0.867s] running egg_info
[0.880s] writing ../../build/cam_hardware/cam_hardware.egg-info/PKG-INFO
[0.881s] writing dependency_links to ../../build/cam_hardware/cam_hardware.egg-info/dependency_links.txt
[0.881s] writing entry points to ../../build/cam_hardware/cam_hardware.egg-info/entry_points.txt
[0.881s] writing requirements to ../../build/cam_hardware/cam_hardware.egg-info/requires.txt
[0.881s] writing top-level names to ../../build/cam_hardware/cam_hardware.egg-info/top_level.txt
[0.908s] reading manifest file '../../build/cam_hardware/cam_hardware.egg-info/SOURCES.txt'
[0.909s] writing manifest file '../../build/cam_hardware/cam_hardware.egg-info/SOURCES.txt'
[0.909s] running build
[0.909s] running build_py
[0.909s] copying cam_hardware/image_processing.py -> /home/chinedu/dog_watcher/build/cam_hardware/build/lib/cam_hardware
[0.909s] running install
[0.910s] /home/chinedu/.local/lib/python3.10/site-packages/setuptools/_distutils/cmd.py:66: SetuptoolsDeprecationWarning: setup.py install is deprecated.
[0.910s] !!
[0.910s] 
[0.910s]         ********************************************************************************
[0.910s]         Please avoid running ``setup.py`` directly.
[0.910s]         Instead, use pypa/build, pypa/installer or other
[0.910s]         standards-based tools.
[0.911s] 
[0.911s]         See https://blog.ganssle.io/articles/2021/10/setup-py-deprecated.html for details.
[0.911s]         ********************************************************************************
[0.911s] 
[0.911s] !!
[0.911s]   self.initialize_options()
[0.914s] running install_lib
[0.929s] copying /home/chinedu/dog_watcher/build/cam_hardware/build/lib/cam_hardware/image_processing.py -> /home/chinedu/dog_watcher/install/cam_hardware/lib/python3.10/site-packages/cam_hardware
[0.929s] byte-compiling /home/chinedu/dog_watcher/install/cam_hardware/lib/python3.10/site-packages/cam_hardware/image_processing.py to image_processing.cpython-310.pyc
[0.930s] running install_data
[0.945s] running install_egg_info
[0.959s] removing '/home/chinedu/dog_watcher/install/cam_hardware/lib/python3.10/site-packages/cam_hardware-0.0.0-py3.10.egg-info' (and everything under it)
[0.959s] Copying ../../build/cam_hardware/cam_hardware.egg-info to /home/chinedu/dog_watcher/install/cam_hardware/lib/python3.10/site-packages/cam_hardware-0.0.0-py3.10.egg-info
[0.960s] running install_scripts
[1.084s] Installing image_processer script to /home/chinedu/dog_watcher/install/cam_hardware/lib/cam_hardware
[1.084s] Installing image_pub script to /home/chinedu/dog_watcher/install/cam_hardware/lib/cam_hardware
[1.084s] writing list of installed files to '/home/chinedu/dog_watcher/build/cam_hardware/install.log'
[1.103s] Invoked command in '/home/chinedu/dog_watcher/src/cam_hardware' returned '0': PYTHONPATH=/home/chinedu/dog_watcher/build/cam_hardware/prefix_override:/home/chinedu/dog_watcher/install/cam_hardware/lib/python3.10/site-packages:${PYTHONPATH} /usr/bin/python3 setup.py egg_info --egg-base ../../build/cam_hardware build --build-base /home/chinedu/dog_watcher/build/cam_hardware/build install --record /home/chinedu/dog_watcher/build/cam_hardware/install.log --single-version-externally-managed
