[0.321s] DEBUG:colcon:Command line arguments: ['/usr/bin/colcon', 'list', '-p', '--base-paths', '/home/chinedu/dog_watcher']
[0.321s] DEBUG:colcon:Parsed command line arguments: Namespace(log_base=None, log_level=None, verb_name='list', build_base='build', ignore_user_meta=False, metas=['./colcon.meta'], base_paths=['/home/chinedu/dog_watcher'], packages_ignore=None, packages_ignore_regex=None, paths=None, packages_up_to=None, packages_up_to_regex=None, packages_above=None, packages_above_and_dependencies=None, packages_above_depth=None, packages_select_by_dep=None, packages_skip_by_dep=None, packages_skip_up_to=None, packages_select_build_failed=False, packages_skip_build_finished=False, packages_select_test_failures=False, packages_skip_test_passed=False, packages_select=None, packages_skip=None, packages_select_regex=None, packages_skip_regex=None, packages_start=None, packages_end=None, allow_overriding=[], topological_order=False, names_only=False, paths_only=True, topological_graph=False, topological_graph_dot=False, topological_graph_density=False, topological_graph_legend=False, topological_graph_dot_cluster=False, topological_graph_dot_include_skipped=False, verb_parser=<colcon_defaults.argument_parser.defaults.DefaultArgumentsDecorator object at 0x7f2927fdbd60>, verb_extension=<colcon_package_information.verb.list.ListVerb object at 0x7f29281cc5b0>, main=<bound method ListVerb.main of <colcon_package_information.verb.list.ListVerb object at 0x7f29281cc5b0>>)
[0.366s] Level 1:colcon.colcon_core.package_discovery:discover_packages(colcon_meta) check parameters
[0.367s] Level 1:colcon.colcon_core.package_discovery:discover_packages(recursive) check parameters
[0.367s] Level 1:colcon.colcon_core.package_discovery:discover_packages(ignore) check parameters
[0.367s] Level 1:colcon.colcon_core.package_discovery:discover_packages(path) check parameters
[0.367s] Level 1:colcon.colcon_core.package_discovery:discover_packages(recursive) discover
[0.367s] INFO:colcon.colcon_core.package_discovery:Crawling recursively for packages in '/home/chinedu/dog_watcher'
[0.367s] Level 1:colcon.colcon_core.package_identification:_identify(/home/chinedu/dog_watcher) by extensions ['ignore', 'ignore_ament_install']
[0.367s] Level 1:colcon.colcon_core.package_identification:_identify(/home/chinedu/dog_watcher) by extension 'ignore'
[0.367s] Level 1:colcon.colcon_core.package_identification:_identify(/home/chinedu/dog_watcher) by extension 'ignore_ament_install'
[0.367s] Level 1:colcon.colcon_core.package_identification:_identify(/home/chinedu/dog_watcher) by extensions ['colcon_pkg']
[0.367s] Level 1:colcon.colcon_core.package_identification:_identify(/home/chinedu/dog_watcher) by extension 'colcon_pkg'
[0.367s] Level 1:colcon.colcon_core.package_identification:_identify(/home/chinedu/dog_watcher) by extensions ['colcon_meta']
[0.367s] Level 1:colcon.colcon_core.package_identification:_identify(/home/chinedu/dog_watcher) by extension 'colcon_meta'
[0.367s] Level 1:colcon.colcon_core.package_identification:_identify(/home/chinedu/dog_watcher) by extensions ['ros']
[0.367s] Level 1:colcon.colcon_core.package_identification:_identify(/home/chinedu/dog_watcher) by extension 'ros'
[0.377s] Level 1:colcon.colcon_core.package_identification:_identify(/home/chinedu/dog_watcher) by extensions ['cmake', 'python']
[0.377s] Level 1:colcon.colcon_core.package_identification:_identify(/home/chinedu/dog_watcher) by extension 'cmake'
[0.377s] Level 1:colcon.colcon_core.package_identification:_identify(/home/chinedu/dog_watcher) by extension 'python'
[0.377s] Level 1:colcon.colcon_core.package_identification:_identify(/home/chinedu/dog_watcher) by extensions ['python_setup_py']
[0.377s] Level 1:colcon.colcon_core.package_identification:_identify(/home/chinedu/dog_watcher) by extension 'python_setup_py'
[0.377s] Level 1:colcon.colcon_core.package_identification:_identify(/home/chinedu/dog_watcher/build) by extensions ['ignore', 'ignore_ament_install']
[0.377s] Level 1:colcon.colcon_core.package_identification:_identify(/home/chinedu/dog_watcher/build) by extension 'ignore'
[0.377s] Level 1:colcon.colcon_core.package_identification:_identify(/home/chinedu/dog_watcher/build) ignored
[0.377s] Level 1:colcon.colcon_core.package_identification:_identify(/home/chinedu/dog_watcher/install) by extensions ['ignore', 'ignore_ament_install']
[0.377s] Level 1:colcon.colcon_core.package_identification:_identify(/home/chinedu/dog_watcher/install) by extension 'ignore'
[0.377s] Level 1:colcon.colcon_core.package_identification:_identify(/home/chinedu/dog_watcher/install) ignored
[0.377s] Level 1:colcon.colcon_core.package_identification:_identify(/home/chinedu/dog_watcher/log) by extensions ['ignore', 'ignore_ament_install']
[0.377s] Level 1:colcon.colcon_core.package_identification:_identify(/home/chinedu/dog_watcher/log) by extension 'ignore'
[0.377s] Level 1:colcon.colcon_core.package_identification:_identify(/home/chinedu/dog_watcher/log) ignored
[0.378s] Level 1:colcon.colcon_core.package_identification:_identify(/home/chinedu/dog_watcher/src) by extensions ['ignore', 'ignore_ament_install']
[0.378s] Level 1:colcon.colcon_core.package_identification:_identify(/home/chinedu/dog_watcher/src) by extension 'ignore'
[0.378s] Level 1:colcon.colcon_core.package_identification:_identify(/home/chinedu/dog_watcher/src) by extension 'ignore_ament_install'
[0.378s] Level 1:colcon.colcon_core.package_identification:_identify(/home/chinedu/dog_watcher/src) by extensions ['colcon_pkg']
[0.378s] Level 1:colcon.colcon_core.package_identification:_identify(/home/chinedu/dog_watcher/src) by extension 'colcon_pkg'
[0.378s] Level 1:colcon.colcon_core.package_identification:_identify(/home/chinedu/dog_watcher/src) by extensions ['colcon_meta']
[0.378s] Level 1:colcon.colcon_core.package_identification:_identify(/home/chinedu/dog_watcher/src) by extension 'colcon_meta'
[0.378s] Level 1:colcon.colcon_core.package_identification:_identify(/home/chinedu/dog_watcher/src) by extensions ['ros']
[0.378s] Level 1:colcon.colcon_core.package_identification:_identify(/home/chinedu/dog_watcher/src) by extension 'ros'
[0.378s] Level 1:colcon.colcon_core.package_identification:_identify(/home/chinedu/dog_watcher/src) by extensions ['cmake', 'python']
[0.378s] Level 1:colcon.colcon_core.package_identification:_identify(/home/chinedu/dog_watcher/src) by extension 'cmake'
[0.378s] Level 1:colcon.colcon_core.package_identification:_identify(/home/chinedu/dog_watcher/src) by extension 'python'
[0.378s] Level 1:colcon.colcon_core.package_identification:_identify(/home/chinedu/dog_watcher/src) by extensions ['python_setup_py']
[0.378s] Level 1:colcon.colcon_core.package_identification:_identify(/home/chinedu/dog_watcher/src) by extension 'python_setup_py'
[0.378s] Level 1:colcon.colcon_core.package_identification:_identify(/home/chinedu/dog_watcher/src/cam_hardware) by extensions ['ignore', 'ignore_ament_install']
[0.378s] Level 1:colcon.colcon_core.package_identification:_identify(/home/chinedu/dog_watcher/src/cam_hardware) by extension 'ignore'
[0.378s] Level 1:colcon.colcon_core.package_identification:_identify(/home/chinedu/dog_watcher/src/cam_hardware) by extension 'ignore_ament_install'
[0.378s] Level 1:colcon.colcon_core.package_identification:_identify(/home/chinedu/dog_watcher/src/cam_hardware) by extensions ['colcon_pkg']
[0.378s] Level 1:colcon.colcon_core.package_identification:_identify(/home/chinedu/dog_watcher/src/cam_hardware) by extension 'colcon_pkg'
[0.378s] Level 1:colcon.colcon_core.package_identification:_identify(/home/chinedu/dog_watcher/src/cam_hardware) by extensions ['colcon_meta']
[0.378s] Level 1:colcon.colcon_core.package_identification:_identify(/home/chinedu/dog_watcher/src/cam_hardware) by extension 'colcon_meta'
[0.378s] Level 1:colcon.colcon_core.package_identification:_identify(/home/chinedu/dog_watcher/src/cam_hardware) by extensions ['ros']
[0.378s] Level 1:colcon.colcon_core.package_identification:_identify(/home/chinedu/dog_watcher/src/cam_hardware) by extension 'ros'
[0.380s] DEBUG:colcon.colcon_core.package_identification:Package '/home/chinedu/dog_watcher/src/cam_hardware' with type 'ros.ament_python' and name 'cam_hardware'
[0.381s] Level 1:colcon.colcon_core.package_discovery:discover_packages(recursive) using defaults
