running egg_info
writing ../../build/cam_hardware/cam_hardware.egg-info/PKG-INFO
writing dependency_links to ../../build/cam_hardware/cam_hardware.egg-info/dependency_links.txt
writing entry points to ../../build/cam_hardware/cam_hardware.egg-info/entry_points.txt
writing requirements to ../../build/cam_hardware/cam_hardware.egg-info/requires.txt
writing top-level names to ../../build/cam_hardware/cam_hardware.egg-info/top_level.txt
reading manifest file '../../build/cam_hardware/cam_hardware.egg-info/SOURCES.txt'
writing manifest file '../../build/cam_hardware/cam_hardware.egg-info/SOURCES.txt'
running build
running build_py
running install
/usr/lib/python3/dist-packages/setuptools/command/install.py:34: SetuptoolsDeprecationWarning: setup.py install is deprecated. Use build and pip and other standards-based tools.
  warnings.warn(
running install_lib
running install_data
running install_egg_info
removing '/home/chinedu/dog_watcher/install/cam_hardware/lib/python3.10/site-packages/cam_hardware-0.0.0-py3.10.egg-info' (and everything under it)
Copying ../../build/cam_hardware/cam_hardware.egg-info to /home/chinedu/dog_watcher/install/cam_hardware/lib/python3.10/site-packages/cam_hardware-0.0.0-py3.10.egg-info
running install_scripts
Installing image_pub script to /home/chinedu/dog_watcher/install/cam_hardware/lib/cam_hardware
writing list of installed files to '/home/chinedu/dog_watcher/build/cam_hardware/install.log'
